Traceback (most recent call last):
  File "/home/mkzia/anaconda3/lib/python3.9/site-packages/jupyter_cache/executors/utils.py", line 51, in single_nb_execution
    executenb(
  File "/home/mkzia/anaconda3/lib/python3.9/site-packages/nbclient/client.py", line 1204, in execute
    return NotebookClient(nb=nb, resources=resources, km=km, **kwargs).execute()
  File "/home/mkzia/anaconda3/lib/python3.9/site-packages/nbclient/util.py", line 84, in wrapped
    return just_run(coro(*args, **kwargs))
  File "/home/mkzia/anaconda3/lib/python3.9/site-packages/nbclient/util.py", line 62, in just_run
    return loop.run_until_complete(coro)
  File "/home/mkzia/anaconda3/lib/python3.9/asyncio/base_events.py", line 642, in run_until_complete
    return future.result()
  File "/home/mkzia/anaconda3/lib/python3.9/site-packages/nbclient/client.py", line 663, in async_execute
    await self.async_execute_cell(
  File "/home/mkzia/anaconda3/lib/python3.9/site-packages/nbclient/client.py", line 965, in async_execute_cell
    await self._check_raise_for_error(cell, cell_index, exec_reply)
  File "/home/mkzia/anaconda3/lib/python3.9/site-packages/nbclient/client.py", line 862, in _check_raise_for_error
    raise CellExecutionError.from_cell_and_msg(cell, exec_reply_content)
nbclient.exceptions.CellExecutionError: An error occurred while executing the following cell:
------------------
import seaborn as sns
sns.set(color_codes=True)
sns.regplot(x=x, y=y);
------------------

[0;31m---------------------------------------------------------------------------[0m
[0;31mValueError[0m                                Traceback (most recent call last)
Input [0;32mIn [21][0m, in [0;36m<cell line: 3>[0;34m()[0m
[1;32m      1[0m [38;5;28;01mimport[39;00m [38;5;21;01mseaborn[39;00m [38;5;28;01mas[39;00m [38;5;21;01msns[39;00m
[1;32m      2[0m sns[38;5;241m.[39mset(color_codes[38;5;241m=[39m[38;5;28;01mTrue[39;00m)
[0;32m----> 3[0m [43msns[49m[38;5;241;43m.[39;49m[43mregplot[49m[43m([49m[43mx[49m[38;5;241;43m=[39;49m[43mx[49m[43m,[49m[43m [49m[43my[49m[38;5;241;43m=[39;49m[43my[49m[43m)[49m

File [0;32m~/anaconda3/lib/python3.9/site-packages/seaborn/_decorators.py:46[0m, in [0;36m_deprecate_positional_args.<locals>.inner_f[0;34m(*args, **kwargs)[0m
[1;32m     36[0m     warnings[38;5;241m.[39mwarn(
[1;32m     37[0m         [38;5;124m"[39m[38;5;124mPass the following variable[39m[38;5;132;01m{}[39;00m[38;5;124m as [39m[38;5;132;01m{}[39;00m[38;5;124mkeyword arg[39m[38;5;132;01m{}[39;00m[38;5;124m: [39m[38;5;132;01m{}[39;00m[38;5;124m. [39m[38;5;124m"[39m
[1;32m     38[0m         [38;5;124m"[39m[38;5;124mFrom version 0.12, the only valid positional argument [39m[38;5;124m"[39m
[0;32m   (...)[0m
[1;32m     43[0m         [38;5;167;01mFutureWarning[39;00m
[1;32m     44[0m     )
[1;32m     45[0m kwargs[38;5;241m.[39mupdate({k: arg [38;5;28;01mfor[39;00m k, arg [38;5;129;01min[39;00m [38;5;28mzip[39m(sig[38;5;241m.[39mparameters, args)})
[0;32m---> 46[0m [38;5;28;01mreturn[39;00m [43mf[49m[43m([49m[38;5;241;43m*[39;49m[38;5;241;43m*[39;49m[43mkwargs[49m[43m)[49m

File [0;32m~/anaconda3/lib/python3.9/site-packages/seaborn/regression.py:851[0m, in [0;36mregplot[0;34m(x, y, data, x_estimator, x_bins, x_ci, scatter, fit_reg, ci, n_boot, units, seed, order, logistic, lowess, robust, logx, x_partial, y_partial, truncate, dropna, x_jitter, y_jitter, label, color, marker, scatter_kws, line_kws, ax)[0m
[1;32m    837[0m [38;5;129m@_deprecate_positional_args[39m
[1;32m    838[0m [38;5;28;01mdef[39;00m [38;5;21mregplot[39m(
[1;32m    839[0m     [38;5;241m*[39m,
[0;32m   (...)[0m
[1;32m    848[0m     scatter_kws[38;5;241m=[39m[38;5;28;01mNone[39;00m, line_kws[38;5;241m=[39m[38;5;28;01mNone[39;00m, ax[38;5;241m=[39m[38;5;28;01mNone[39;00m
[1;32m    849[0m ):
[0;32m--> 851[0m     plotter [38;5;241m=[39m [43m_RegressionPlotter[49m[43m([49m[43mx[49m[43m,[49m[43m [49m[43my[49m[43m,[49m[43m [49m[43mdata[49m[43m,[49m[43m [49m[43mx_estimator[49m[43m,[49m[43m [49m[43mx_bins[49m[43m,[49m[43m [49m[43mx_ci[49m[43m,[49m
[1;32m    852[0m [43m                                 [49m[43mscatter[49m[43m,[49m[43m [49m[43mfit_reg[49m[43m,[49m[43m [49m[43mci[49m[43m,[49m[43m [49m[43mn_boot[49m[43m,[49m[43m [49m[43munits[49m[43m,[49m[43m [49m[43mseed[49m[43m,[49m
[1;32m    853[0m [43m                                 [49m[43morder[49m[43m,[49m[43m [49m[43mlogistic[49m[43m,[49m[43m [49m[43mlowess[49m[43m,[49m[43m [49m[43mrobust[49m[43m,[49m[43m [49m[43mlogx[49m[43m,[49m
[1;32m    854[0m [43m                                 [49m[43mx_partial[49m[43m,[49m[43m [49m[43my_partial[49m[43m,[49m[43m [49m[43mtruncate[49m[43m,[49m[43m [49m[43mdropna[49m[43m,[49m
[1;32m    855[0m [43m                                 [49m[43mx_jitter[49m[43m,[49m[43m [49m[43my_jitter[49m[43m,[49m[43m [49m[43mcolor[49m[43m,[49m[43m [49m[43mlabel[49m[43m)[49m
[1;32m    857[0m     [38;5;28;01mif[39;00m ax [38;5;129;01mis[39;00m [38;5;28;01mNone[39;00m:
[1;32m    858[0m         ax [38;5;241m=[39m plt[38;5;241m.[39mgca()

File [0;32m~/anaconda3/lib/python3.9/site-packages/seaborn/regression.py:109[0m, in [0;36m_RegressionPlotter.__init__[0;34m(self, x, y, data, x_estimator, x_bins, x_ci, scatter, fit_reg, ci, n_boot, units, seed, order, logistic, lowess, robust, logx, x_partial, y_partial, truncate, dropna, x_jitter, y_jitter, color, label)[0m
[1;32m    106[0m     [38;5;28;01mraise[39;00m [38;5;167;01mValueError[39;00m([38;5;124m"[39m[38;5;124mMutually exclusive regression options.[39m[38;5;124m"[39m)
[1;32m    108[0m [38;5;66;03m# Extract the data vals from the arguments or passed dataframe[39;00m
[0;32m--> 109[0m [38;5;28;43mself[39;49m[38;5;241;43m.[39;49m[43mestablish_variables[49m[43m([49m[43mdata[49m[43m,[49m[43m [49m[43mx[49m[38;5;241;43m=[39;49m[43mx[49m[43m,[49m[43m [49m[43my[49m[38;5;241;43m=[39;49m[43my[49m[43m,[49m[43m [49m[43munits[49m[38;5;241;43m=[39;49m[43munits[49m[43m,[49m
[1;32m    110[0m [43m                         [49m[43mx_partial[49m[38;5;241;43m=[39;49m[43mx_partial[49m[43m,[49m[43m [49m[43my_partial[49m[38;5;241;43m=[39;49m[43my_partial[49m[43m)[49m
[1;32m    112[0m [38;5;66;03m# Drop null observations[39;00m
[1;32m    113[0m [38;5;28;01mif[39;00m dropna:

File [0;32m~/anaconda3/lib/python3.9/site-packages/seaborn/regression.py:55[0m, in [0;36m_LinearPlotter.establish_variables[0;34m(self, data, **kws)[0m
[1;32m     53[0m [38;5;28;01mif[39;00m np[38;5;241m.[39mndim(vector) [38;5;241m>[39m [38;5;241m1[39m:
[1;32m     54[0m     err [38;5;241m=[39m [38;5;124m"[39m[38;5;124mregplot inputs must be 1d[39m[38;5;124m"[39m
[0;32m---> 55[0m     [38;5;28;01mraise[39;00m [38;5;167;01mValueError[39;00m(err)
[1;32m     56[0m [38;5;28msetattr[39m([38;5;28mself[39m, var, vector)

[0;31mValueError[0m: regplot inputs must be 1d
ValueError: regplot inputs must be 1d

